<?xml version="1.0" encoding="UTF-8"?>
<!-- Generated by org.testng.reporters.JUnitReportReporter -->
<testsuite hostname="DESKTOP-ODQ4RN5" failures="0" tests="1" name="GoogleAccount.test.DriverScriptKeyWrd" time="71.833" errors="0" timestamp="7 Apr 2018 17:51:02 GMT">
  <testcase classname="GoogleAccount.test.DriverScriptKeyWrd" name="DriverTest" time="71.833"/>
</testsuite> <!-- GoogleAccount.test.DriverScriptKeyWrd -->
